Copyright 1986-2022 Xilinx, Inc. All Rights Reserved. Copyright 2022-2025 Advanced Micro Devices, Inc. All Rights Reserved.
---------------------------------------------------------------------------------------------------------------------------------------------------------------------------------------------------------------------
| Tool Version : Vivado v.2025.2 (win64) Build 6299465 Fri Nov 14 19:35:11 GMT 2025
| Date         : Fri May 15 21:27:01 2026
| Host         : DESKTOP-475P6AO running 64-bit major release  (build 9200)
| Command      : report_timing_summary -max_paths 10 -routable_nets -report_unconstrained -file ALU_timing_summary_routed.rpt -pb ALU_timing_summary_routed.pb -rpx ALU_timing_summary_routed.rpx -warn_on_violation
| Design       : ALU
| Device       : 7z020-clg400
| Speed File   : -1  PRODUCTION 1.12 2019-11-22
| Design State : Routed
---------------------------------------------------------------------------------------------------------------------------------------------------------------------------------------------------------------------

Timing Summary Report

------------------------------------------------------------------------------------------------
| Timer Settings
| --------------
------------------------------------------------------------------------------------------------

  Enable Multi Corner Analysis               :  Yes
  Enable Pessimism Removal                   :  Yes
  Pessimism Removal Resolution               :  Nearest Common Node
  Enable Input Delay Default Clock           :  No
  Enable Preset / Clear Arcs                 :  No
  Disable Flight Delays                      :  No
  Ignore I/O Paths                           :  No
  Timing Early Launch at Borrowing Latches   :  No
  Borrow Time for Max Delay Exceptions       :  Yes
  Merge Timing Exceptions                    :  Yes
  Inter-SLR Compensation                     :  Conservative

  Corner  Analyze    Analyze    
  Name    Max Paths  Min Paths  
  ------  ---------  ---------  
  Slow    Yes        Yes        
  Fast    Yes        Yes        


------------------------------------------------------------------------------------------------
| Report Methodology
| ------------------
------------------------------------------------------------------------------------------------

No report available as report_methodology has not been run prior. Run report_methodology on the current design for the summary of methodology violations.



check_timing report

Table of Contents
-----------------
1. checking no_clock (0)
2. checking constant_clock (0)
3. checking pulse_width_clock (0)
4. checking unconstrained_internal_endpoints (0)
5. checking no_input_delay (0)
6. checking no_output_delay (0)
7. checking multiple_clock (0)
8. checking generated_clocks (0)
9. checking loops (0)
10. checking partial_input_delay (0)
11. checking partial_output_delay (0)
12. checking latch_loops (0)

1. checking no_clock (0)
------------------------
 There are 0 register/latch pins with no clock.


2. checking constant_clock (0)
------------------------------
 There are 0 register/latch pins with constant_clock.


3. checking pulse_width_clock (0)
---------------------------------
 There are 0 register/latch pins which need pulse_width check


4. checking unconstrained_internal_endpoints (0)
------------------------------------------------
 There are 0 pins that are not constrained for maximum delay.

 There are 0 pins that are not constrained for maximum delay due to constant clock.


5. checking no_input_delay (0)
------------------------------
 There are 0 input ports with no input delay specified.

 There are 0 input ports with no input delay but user has a false path constraint.


6. checking no_output_delay (0)
-------------------------------
 There are 0 ports with no output delay specified.

 There are 0 ports with no output delay but user has a false path constraint

 There are 0 ports with no output delay but with a timing clock defined on it or propagating through it


7. checking multiple_clock (0)
------------------------------
 There are 0 register/latch pins with multiple clocks.


8. checking generated_clocks (0)
--------------------------------
 There are 0 generated clocks that are not connected to a clock source.


9. checking loops (0)
---------------------
 There are 0 combinational loops in the design.


10. checking partial_input_delay (0)
------------------------------------
 There are 0 input ports with partial input delay specified.


11. checking partial_output_delay (0)
-------------------------------------
 There are 0 ports with partial output delay specified.


12. checking latch_loops (0)
----------------------------
 There are 0 combinational latch loops in the design through latch input



------------------------------------------------------------------------------------------------
| Design Timing Summary
| ---------------------
------------------------------------------------------------------------------------------------

    WNS(ns)      TNS(ns)  TNS Failing Endpoints  TNS Total Endpoints      WHS(ns)      THS(ns)  THS Failing Endpoints  THS Total Endpoints     WPWS(ns)     TPWS(ns)  TPWS Failing Endpoints  TPWS Total Endpoints  
    -------      -------  ---------------------  -------------------      -------      -------  ---------------------  -------------------     --------     --------  ----------------------  --------------------  
        inf        0.000                      0                   33          inf        0.000                      0                   33           NA           NA                      NA                    NA  


There are no user specified timing constraints.


------------------------------------------------------------------------------------------------
| Clock Summary
| -------------
------------------------------------------------------------------------------------------------


------------------------------------------------------------------------------------------------
| Intra Clock Table
| -----------------
------------------------------------------------------------------------------------------------

Clock             WNS(ns)      TNS(ns)  TNS Failing Endpoints  TNS Total Endpoints      WHS(ns)      THS(ns)  THS Failing Endpoints  THS Total Endpoints     WPWS(ns)     TPWS(ns)  TPWS Failing Endpoints  TPWS Total Endpoints  
-----             -------      -------  ---------------------  -------------------      -------      -------  ---------------------  -------------------     --------     --------  ----------------------  --------------------  


------------------------------------------------------------------------------------------------
| Inter Clock Table
| -----------------
------------------------------------------------------------------------------------------------

From Clock    To Clock          WNS(ns)      TNS(ns)  TNS Failing Endpoints  TNS Total Endpoints      WHS(ns)      THS(ns)  THS Failing Endpoints  THS Total Endpoints  
----------    --------          -------      -------  ---------------------  -------------------      -------      -------  ---------------------  -------------------  


------------------------------------------------------------------------------------------------
| Other Path Groups Table
| -----------------------
------------------------------------------------------------------------------------------------

Path Group    From Clock    To Clock          WNS(ns)      TNS(ns)  TNS Failing Endpoints  TNS Total Endpoints      WHS(ns)      THS(ns)  THS Failing Endpoints  THS Total Endpoints  
----------    ----------    --------          -------      -------  ---------------------  -------------------      -------      -------  ---------------------  -------------------  


------------------------------------------------------------------------------------------------
| User Ignored Path Table
| -----------------------
------------------------------------------------------------------------------------------------

Path Group    From Clock    To Clock    
----------    ----------    --------    


------------------------------------------------------------------------------------------------
| Unconstrained Path Table
| ------------------------
------------------------------------------------------------------------------------------------

Path Group    From Clock    To Clock    
----------    ----------    --------    
(none)                                    


------------------------------------------------------------------------------------------------
| Timing Details
| --------------
------------------------------------------------------------------------------------------------


--------------------------------------------------------------------------------------
Path Group:  (none)
From Clock:  
  To Clock:  

Max Delay            33 Endpoints
Min Delay            33 Endpoints
--------------------------------------------------------------------------------------


Max Delay Paths
--------------------------------------------------------------------------------------
Slack:                    inf
  Source:                 inA[2]
                            (input port)
  Destination:            out[7]
                            (output port)
  Path Group:             (none)
  Path Type:              Max at Slow Process Corner
  Data Path Delay:        14.047ns  (logic 4.792ns (34.114%)  route 9.255ns (65.886%))
  Logic Levels:           6  (CARRY4=2 IBUF=1 LUT2=1 LUT6=1 OBUF=1)

    Location             Delay type                Incr(ns)  Path(ns)    Netlist Resource(s)
  -------------------------------------------------------------------    -------------------
    V10                                               0.000     0.000 r  inA[2] (IN)
                         net (fo=0)                   0.000     0.000    inA[2]
    V10                  IBUF (Prop_ibuf_I_O)         0.990     0.990 r  inA_IBUF[2]_inst/O
                         net (fo=4, routed)           6.729     7.719    inA_IBUF[2]
    SLICE_X112Y62        LUT2 (Prop_lut2_I0_O)        0.124     7.843 r  out_OBUF[3]_inst_i_4/O
                         net (fo=1, routed)           0.000     7.843    out_OBUF[3]_inst_i_4_n_0
    SLICE_X112Y62        CARRY4 (Prop_carry4_S[2]_CO[3])
                                                      0.380     8.223 r  out_OBUF[3]_inst_i_2/CO[3]
                         net (fo=1, routed)           0.000     8.223    out_OBUF[3]_inst_i_2_n_0
    SLICE_X112Y63        CARRY4 (Prop_carry4_CI_O[3])
                                                      0.315     8.538 r  out_OBUF[7]_inst_i_2/O[3]
                         net (fo=1, routed)           0.626     9.163    out_OBUF[7]_inst_i_2_n_4
    SLICE_X113Y63        LUT6 (Prop_lut6_I0_O)        0.307     9.470 r  out_OBUF[7]_inst_i_1/O
                         net (fo=1, routed)           1.900    11.371    out_OBUF[7]
    W20                  OBUF (Prop_obuf_I_O)         2.676    14.047 r  out_OBUF[7]_inst/O
                         net (fo=0)                   0.000    14.047    out[7]
    W20                                                               r  out[7] (OUT)
  -------------------------------------------------------------------    -------------------

Slack:                    inf
  Source:                 inA[2]
                            (input port)
  Destination:            out[6]
                            (output port)
  Path Group:             (none)
  Path Type:              Max at Slow Process Corner
  Data Path Delay:        14.023ns  (logic 4.706ns (33.560%)  route 9.317ns (66.440%))
  Logic Levels:           6  (CARRY4=2 IBUF=1 LUT2=1 LUT6=1 OBUF=1)

    Location             Delay type                Incr(ns)  Path(ns)    Netlist Resource(s)
  -------------------------------------------------------------------    -------------------
    V10                                               0.000     0.000 r  inA[2] (IN)
                         net (fo=0)                   0.000     0.000    inA[2]
    V10                  IBUF (Prop_ibuf_I_O)         0.990     0.990 r  inA_IBUF[2]_inst/O
                         net (fo=4, routed)           6.729     7.719    inA_IBUF[2]
    SLICE_X112Y62        LUT2 (Prop_lut2_I0_O)        0.124     7.843 r  out_OBUF[3]_inst_i_4/O
                         net (fo=1, routed)           0.000     7.843    out_OBUF[3]_inst_i_4_n_0
    SLICE_X112Y62        CARRY4 (Prop_carry4_S[2]_CO[3])
                                                      0.380     8.223 r  out_OBUF[3]_inst_i_2/CO[3]
                         net (fo=1, routed)           0.000     8.223    out_OBUF[3]_inst_i_2_n_0
    SLICE_X112Y63        CARRY4 (Prop_carry4_CI_O[2])
                                                      0.239     8.462 r  out_OBUF[7]_inst_i_2/O[2]
                         net (fo=1, routed)           0.784     9.246    out_OBUF[7]_inst_i_2_n_5
    SLICE_X113Y63        LUT6 (Prop_lut6_I0_O)        0.301     9.547 r  out_OBUF[6]_inst_i_1/O
                         net (fo=1, routed)           1.804    11.351    out_OBUF[6]
    Y18                  OBUF (Prop_obuf_I_O)         2.672    14.023 r  out_OBUF[6]_inst/O
                         net (fo=0)                   0.000    14.023    out[6]
    Y18                                                               r  out[6] (OUT)
  -------------------------------------------------------------------    -------------------

Slack:                    inf
  Source:                 inA[2]
                            (input port)
  Destination:            out[4]
                            (output port)
  Path Group:             (none)
  Path Type:              Max at Slow Process Corner
  Data Path Delay:        13.913ns  (logic 4.654ns (33.451%)  route 9.259ns (66.549%))
  Logic Levels:           6  (CARRY4=2 IBUF=1 LUT2=1 LUT6=1 OBUF=1)

    Location             Delay type                Incr(ns)  Path(ns)    Netlist Resource(s)
  -------------------------------------------------------------------    -------------------
    V10                                               0.000     0.000 r  inA[2] (IN)
                         net (fo=0)                   0.000     0.000    inA[2]
    V10                  IBUF (Prop_ibuf_I_O)         0.990     0.990 r  inA_IBUF[2]_inst/O
                         net (fo=4, routed)           6.729     7.719    inA_IBUF[2]
    SLICE_X112Y62        LUT2 (Prop_lut2_I0_O)        0.124     7.843 r  out_OBUF[3]_inst_i_4/O
                         net (fo=1, routed)           0.000     7.843    out_OBUF[3]_inst_i_4_n_0
    SLICE_X112Y62        CARRY4 (Prop_carry4_S[2]_CO[3])
                                                      0.380     8.223 r  out_OBUF[3]_inst_i_2/CO[3]
                         net (fo=1, routed)           0.000     8.223    out_OBUF[3]_inst_i_2_n_0
    SLICE_X112Y63        CARRY4 (Prop_carry4_CI_O[0])
                                                      0.219     8.442 r  out_OBUF[7]_inst_i_2/O[0]
                         net (fo=1, routed)           0.857     9.299    out_OBUF[7]_inst_i_2_n_7
    SLICE_X113Y63        LUT6 (Prop_lut6_I0_O)        0.295     9.594 r  out_OBUF[4]_inst_i_1/O
                         net (fo=1, routed)           1.672    11.266    out_OBUF[4]
    V16                  OBUF (Prop_obuf_I_O)         2.646    13.913 r  out_OBUF[4]_inst/O
                         net (fo=0)                   0.000    13.913    out[4]
    V16                                                               r  out[4] (OUT)
  -------------------------------------------------------------------    -------------------

Slack:                    inf
  Source:                 inA[4]
                            (input port)
  Destination:            is_zero
                            (output port)
  Path Group:             (none)
  Path Type:              Max at Slow Process Corner
  Data Path Delay:        13.886ns  (logic 3.976ns (28.631%)  route 9.910ns (71.369%))
  Logic Levels:           4  (IBUF=1 LUT6=2 OBUF=1)

    Location             Delay type                Incr(ns)  Path(ns)    Netlist Resource(s)
  -------------------------------------------------------------------    -------------------
    Y13                                               0.000     0.000 f  inA[4] (IN)
                         net (fo=0)                   0.000     0.000    inA[4]
    Y13                  IBUF (Prop_ibuf_I_O)         1.033     1.033 f  inA_IBUF[4]_inst/O
                         net (fo=4, routed)           6.814     7.847    inA_IBUF[4]
    SLICE_X113Y61        LUT6 (Prop_lut6_I0_O)        0.124     7.971 r  is_zero_OBUF_inst_i_3/O
                         net (fo=1, routed)           0.520     8.491    is_zero_OBUF_inst_i_3_n_0
    SLICE_X112Y61        LUT6 (Prop_lut6_I1_O)        0.124     8.615 r  is_zero_OBUF_inst_i_1/O
                         net (fo=1, routed)           2.576    11.192    is_zero_OBUF
    V12                  OBUF (Prop_obuf_I_O)         2.694    13.886 r  is_zero_OBUF_inst/O
                         net (fo=0)                   0.000    13.886    is_zero
    V12                                                               r  is_zero (OUT)
  -------------------------------------------------------------------    -------------------

Slack:                    inf
  Source:                 inA[0]
                            (input port)
  Destination:            out[3]
                            (output port)
  Path Group:             (none)
  Path Type:              Max at Slow Process Corner
  Data Path Delay:        13.557ns  (logic 4.551ns (33.572%)  route 9.005ns (66.428%))
  Logic Levels:           4  (CARRY4=1 IBUF=1 LUT6=1 OBUF=1)

    Location             Delay type                Incr(ns)  Path(ns)    Netlist Resource(s)
  -------------------------------------------------------------------    -------------------
    W6                                                0.000     0.000 r  inA[0] (IN)
                         net (fo=0)                   0.000     0.000    inA[0]
    W6                   IBUF (Prop_ibuf_I_O)         0.956     0.956 r  inA_IBUF[0]_inst/O
                         net (fo=4, routed)           6.717     7.673    inA_IBUF[0]
    SLICE_X112Y62        CARRY4 (Prop_carry4_DI[0]_O[3])
                                                      0.642     8.315 r  out_OBUF[3]_inst_i_2/O[3]
                         net (fo=1, routed)           0.626     8.940    out_OBUF[3]_inst_i_2_n_4
    SLICE_X113Y62        LUT6 (Prop_lut6_I0_O)        0.307     9.247 r  out_OBUF[3]_inst_i_1/O
                         net (fo=1, routed)           1.663    10.910    out_OBUF[3]
    W16                  OBUF (Prop_obuf_I_O)         2.647    13.557 r  out_OBUF[3]_inst/O
                         net (fo=0)                   0.000    13.557    out[3]
    W16                                                               r  out[3] (OUT)
  -------------------------------------------------------------------    -------------------

Slack:                    inf
  Source:                 inA[2]
                            (input port)
  Destination:            out[5]
                            (output port)
  Path Group:             (none)
  Path Type:              Max at Slow Process Corner
  Data Path Delay:        13.530ns  (logic 4.789ns (35.396%)  route 8.741ns (64.604%))
  Logic Levels:           6  (CARRY4=2 IBUF=1 LUT2=1 LUT6=1 OBUF=1)

    Location             Delay type                Incr(ns)  Path(ns)    Netlist Resource(s)
  -------------------------------------------------------------------    -------------------
    V10                                               0.000     0.000 r  inA[2] (IN)
                         net (fo=0)                   0.000     0.000    inA[2]
    V10                  IBUF (Prop_ibuf_I_O)         0.990     0.990 r  inA_IBUF[2]_inst/O
                         net (fo=4, routed)           6.729     7.719    inA_IBUF[2]
    SLICE_X112Y62        LUT2 (Prop_lut2_I0_O)        0.124     7.843 r  out_OBUF[3]_inst_i_4/O
                         net (fo=1, routed)           0.000     7.843    out_OBUF[3]_inst_i_4_n_0
    SLICE_X112Y62        CARRY4 (Prop_carry4_S[2]_CO[3])
                                                      0.380     8.223 r  out_OBUF[3]_inst_i_2/CO[3]
                         net (fo=1, routed)           0.000     8.223    out_OBUF[3]_inst_i_2_n_0
    SLICE_X112Y63        CARRY4 (Prop_carry4_CI_O[1])
                                                      0.323     8.546 r  out_OBUF[7]_inst_i_2/O[1]
                         net (fo=1, routed)           0.344     8.890    out_OBUF[7]_inst_i_2_n_6
    SLICE_X113Y63        LUT6 (Prop_lut6_I0_O)        0.306     9.196 r  out_OBUF[5]_inst_i_1/O
                         net (fo=1, routed)           1.668    10.864    out_OBUF[5]
    Y19                  OBUF (Prop_obuf_I_O)         2.666    13.530 r  out_OBUF[5]_inst/O
                         net (fo=0)                   0.000    13.530    out[5]
    Y19                                                               r  out[5] (OUT)
  -------------------------------------------------------------------    -------------------

Slack:                    inf
  Source:                 inA[0]
                            (input port)
  Destination:            out[0]
                            (output port)
  Path Group:             (none)
  Path Type:              Max at Slow Process Corner
  Data Path Delay:        13.425ns  (logic 4.256ns (31.705%)  route 9.169ns (68.295%))
  Logic Levels:           5  (CARRY4=1 IBUF=1 LUT2=1 LUT6=1 OBUF=1)

    Location             Delay type                Incr(ns)  Path(ns)    Netlist Resource(s)
  -------------------------------------------------------------------    -------------------
    W6                                                0.000     0.000 r  inA[0] (IN)
                         net (fo=0)                   0.000     0.000    inA[0]
    W6                   IBUF (Prop_ibuf_I_O)         0.956     0.956 r  inA_IBUF[0]_inst/O
                         net (fo=4, routed)           6.503     7.458    inA_IBUF[0]
    SLICE_X112Y62        LUT2 (Prop_lut2_I0_O)        0.124     7.582 r  out_OBUF[3]_inst_i_6/O
                         net (fo=1, routed)           0.000     7.582    out_OBUF[3]_inst_i_6_n_0
    SLICE_X112Y62        CARRY4 (Prop_carry4_S[0]_O[0])
                                                      0.252     7.834 r  out_OBUF[3]_inst_i_2/O[0]
                         net (fo=1, routed)           0.857     8.692    out_OBUF[3]_inst_i_2_n_7
    SLICE_X113Y62        LUT6 (Prop_lut6_I0_O)        0.295     8.987 r  out_OBUF[0]_inst_i_1/O
                         net (fo=1, routed)           1.809    10.796    out_OBUF[0]
    T17                  OBUF (Prop_obuf_I_O)         2.630    13.425 r  out_OBUF[0]_inst/O
                         net (fo=0)                   0.000    13.425    out[0]
    T17                                                               r  out[0] (OUT)
  -------------------------------------------------------------------    -------------------

Slack:                    inf
  Source:                 inA[0]
                            (input port)
  Destination:            out[2]
                            (output port)
  Path Group:             (none)
  Path Type:              Max at Slow Process Corner
  Data Path Delay:        13.415ns  (logic 4.463ns (33.266%)  route 8.952ns (66.734%))
  Logic Levels:           4  (CARRY4=1 IBUF=1 LUT6=1 OBUF=1)

    Location             Delay type                Incr(ns)  Path(ns)    Netlist Resource(s)
  -------------------------------------------------------------------    -------------------
    W6                                                0.000     0.000 r  inA[0] (IN)
                         net (fo=0)                   0.000     0.000    inA[0]
    W6                   IBUF (Prop_ibuf_I_O)         0.956     0.956 r  inA_IBUF[0]_inst/O
                         net (fo=4, routed)           6.717     7.673    inA_IBUF[0]
    SLICE_X112Y62        CARRY4 (Prop_carry4_DI[0]_O[2])
                                                      0.579     8.252 r  out_OBUF[3]_inst_i_2/O[2]
                         net (fo=1, routed)           0.575     8.826    out_OBUF[3]_inst_i_2_n_5
    SLICE_X113Y62        LUT6 (Prop_lut6_I0_O)        0.301     9.127 r  out_OBUF[2]_inst_i_1/O
                         net (fo=1, routed)           1.661    10.788    out_OBUF[2]
    R16                  OBUF (Prop_obuf_I_O)         2.627    13.415 r  out_OBUF[2]_inst/O
                         net (fo=0)                   0.000    13.415    out[2]
    R16                                                               r  out[2] (OUT)
  -------------------------------------------------------------------    -------------------

Slack:                    inf
  Source:                 inA[0]
                            (input port)
  Destination:            out[1]
                            (output port)
  Path Group:             (none)
  Path Type:              Max at Slow Process Corner
  Data Path Delay:        13.032ns  (logic 4.305ns (33.033%)  route 8.728ns (66.967%))
  Logic Levels:           4  (CARRY4=1 IBUF=1 LUT6=1 OBUF=1)

    Location             Delay type                Incr(ns)  Path(ns)    Netlist Resource(s)
  -------------------------------------------------------------------    -------------------
    W6                                                0.000     0.000 r  inA[0] (IN)
                         net (fo=0)                   0.000     0.000    inA[0]
    W6                   IBUF (Prop_ibuf_I_O)         0.956     0.956 r  inA_IBUF[0]_inst/O
                         net (fo=4, routed)           6.717     7.673    inA_IBUF[0]
    SLICE_X112Y62        CARRY4 (Prop_carry4_DI[0]_O[1])
                                                      0.422     8.095 r  out_OBUF[3]_inst_i_2/O[1]
                         net (fo=1, routed)           0.344     8.439    out_OBUF[3]_inst_i_2_n_6
    SLICE_X113Y62        LUT6 (Prop_lut6_I0_O)        0.306     8.745 r  out_OBUF[1]_inst_i_1/O
                         net (fo=1, routed)           1.667    10.411    out_OBUF[1]
    R17                  OBUF (Prop_obuf_I_O)         2.621    13.032 r  out_OBUF[1]_inst/O
                         net (fo=0)                   0.000    13.032    out[1]
    R17                                                               r  out[1] (OUT)
  -------------------------------------------------------------------    -------------------

Slack:                    inf
  Source:                 inA[20]
                            (input port)
  Destination:            out[20]
                            (output port)
  Path Group:             (none)
  Path Type:              Max at Slow Process Corner
  Data Path Delay:        12.302ns  (logic 3.842ns (31.229%)  route 8.461ns (68.771%))
  Logic Levels:           3  (IBUF=1 LUT5=1 OBUF=1)

    Location             Delay type                Incr(ns)  Path(ns)    Netlist Resource(s)
  -------------------------------------------------------------------    -------------------
    U10                                               0.000     0.000 r  inA[20] (IN)
                         net (fo=0)                   0.000     0.000    inA[20]
    U10                  IBUF (Prop_ibuf_I_O)         0.992     0.992 r  inA_IBUF[20]_inst/O
                         net (fo=2, routed)           6.793     7.785    inA_IBUF[20]
    SLICE_X113Y79        LUT5 (Prop_lut5_I1_O)        0.124     7.909 r  out_OBUF[20]_inst_i_1/O
                         net (fo=1, routed)           1.668     9.577    out_OBUF[20]
    V15                  OBUF (Prop_obuf_I_O)         2.726    12.302 r  out_OBUF[20]_inst/O
                         net (fo=0)                   0.000    12.302    out[20]
    V15                                                               r  out[20] (OUT)
  -------------------------------------------------------------------    -------------------





Min Delay Paths
--------------------------------------------------------------------------------------
Slack:                    inf
  Source:                 opcode[2]
                            (input port)
  Destination:            out[2]
                            (output port)
  Path Group:             (none)
  Path Type:              Min at Fast Process Corner
  Data Path Delay:        2.115ns  (logic 1.375ns (65.015%)  route 0.740ns (34.985%))
  Logic Levels:           3  (IBUF=1 LUT6=1 OBUF=1)

    Location             Delay type                Incr(ns)  Path(ns)    Netlist Resource(s)
  -------------------------------------------------------------------    -------------------
    R18                                               0.000     0.000 r  opcode[2] (IN)
                         net (fo=0)                   0.000     0.000    opcode[2]
    R18                  IBUF (Prop_ibuf_I_O)         0.186     0.186 r  opcode_IBUF[2]_inst/O
                         net (fo=32, routed)          0.408     0.595    opcode_IBUF[2]
    SLICE_X113Y62        LUT6 (Prop_lut6_I1_O)        0.045     0.640 r  out_OBUF[2]_inst_i_1/O
                         net (fo=1, routed)           0.332     0.971    out_OBUF[2]
    R16                  OBUF (Prop_obuf_I_O)         1.144     2.115 r  out_OBUF[2]_inst/O
                         net (fo=0)                   0.000     2.115    out[2]
    R16                                                               r  out[2] (OUT)
  -------------------------------------------------------------------    -------------------

Slack:                    inf
  Source:                 opcode[2]
                            (input port)
  Destination:            out[3]
                            (output port)
  Path Group:             (none)
  Path Type:              Min at Fast Process Corner
  Data Path Delay:        2.137ns  (logic 1.395ns (65.271%)  route 0.742ns (34.729%))
  Logic Levels:           3  (IBUF=1 LUT6=1 OBUF=1)

    Location             Delay type                Incr(ns)  Path(ns)    Netlist Resource(s)
  -------------------------------------------------------------------    -------------------
    R18                                               0.000     0.000 r  opcode[2] (IN)
                         net (fo=0)                   0.000     0.000    opcode[2]
    R18                  IBUF (Prop_ibuf_I_O)         0.186     0.186 r  opcode_IBUF[2]_inst/O
                         net (fo=32, routed)          0.411     0.598    opcode_IBUF[2]
    SLICE_X113Y62        LUT6 (Prop_lut6_I1_O)        0.045     0.643 r  out_OBUF[3]_inst_i_1/O
                         net (fo=1, routed)           0.331     0.973    out_OBUF[3]
    W16                  OBUF (Prop_obuf_I_O)         1.163     2.137 r  out_OBUF[3]_inst/O
                         net (fo=0)                   0.000     2.137    out[3]
    W16                                                               r  out[3] (OUT)
  -------------------------------------------------------------------    -------------------

Slack:                    inf
  Source:                 opcode[2]
                            (input port)
  Destination:            out[1]
                            (output port)
  Path Group:             (none)
  Path Type:              Min at Fast Process Corner
  Data Path Delay:        2.198ns  (logic 1.370ns (62.294%)  route 0.829ns (37.706%))
  Logic Levels:           3  (IBUF=1 LUT6=1 OBUF=1)

    Location             Delay type                Incr(ns)  Path(ns)    Netlist Resource(s)
  -------------------------------------------------------------------    -------------------
    R18                                               0.000     0.000 r  opcode[2] (IN)
                         net (fo=0)                   0.000     0.000    opcode[2]
    R18                  IBUF (Prop_ibuf_I_O)         0.186     0.186 r  opcode_IBUF[2]_inst/O
                         net (fo=32, routed)          0.494     0.681    opcode_IBUF[2]
    SLICE_X113Y62        LUT6 (Prop_lut6_I1_O)        0.045     0.726 r  out_OBUF[1]_inst_i_1/O
                         net (fo=1, routed)           0.335     1.060    out_OBUF[1]
    R17                  OBUF (Prop_obuf_I_O)         1.138     2.198 r  out_OBUF[1]_inst/O
                         net (fo=0)                   0.000     2.198    out[1]
    R17                                                               r  out[1] (OUT)
  -------------------------------------------------------------------    -------------------

Slack:                    inf
  Source:                 opcode[2]
                            (input port)
  Destination:            out[0]
                            (output port)
  Path Group:             (none)
  Path Type:              Min at Fast Process Corner
  Data Path Delay:        2.211ns  (logic 1.378ns (62.325%)  route 0.833ns (37.675%))
  Logic Levels:           3  (IBUF=1 LUT6=1 OBUF=1)

    Location             Delay type                Incr(ns)  Path(ns)    Netlist Resource(s)
  -------------------------------------------------------------------    -------------------
    R18                                               0.000     0.000 r  opcode[2] (IN)
                         net (fo=0)                   0.000     0.000    opcode[2]
    R18                  IBUF (Prop_ibuf_I_O)         0.186     0.186 r  opcode_IBUF[2]_inst/O
                         net (fo=32, routed)          0.441     0.628    opcode_IBUF[2]
    SLICE_X113Y62        LUT6 (Prop_lut6_I1_O)        0.045     0.673 r  out_OBUF[0]_inst_i_1/O
                         net (fo=1, routed)           0.392     1.064    out_OBUF[0]
    T17                  OBUF (Prop_obuf_I_O)         1.147     2.211 r  out_OBUF[0]_inst/O
                         net (fo=0)                   0.000     2.211    out[0]
    T17                                                               r  out[0] (OUT)
  -------------------------------------------------------------------    -------------------

Slack:                    inf
  Source:                 opcode[2]
                            (input port)
  Destination:            out[4]
                            (output port)
  Path Group:             (none)
  Path Type:              Min at Fast Process Corner
  Data Path Delay:        2.278ns  (logic 1.394ns (61.212%)  route 0.883ns (38.788%))
  Logic Levels:           3  (IBUF=1 LUT6=1 OBUF=1)

    Location             Delay type                Incr(ns)  Path(ns)    Netlist Resource(s)
  -------------------------------------------------------------------    -------------------
    R18                                               0.000     0.000 r  opcode[2] (IN)
                         net (fo=0)                   0.000     0.000    opcode[2]
    R18                  IBUF (Prop_ibuf_I_O)         0.186     0.186 r  opcode_IBUF[2]_inst/O
                         net (fo=32, routed)          0.556     0.743    opcode_IBUF[2]
    SLICE_X113Y63        LUT6 (Prop_lut6_I1_O)        0.045     0.788 r  out_OBUF[4]_inst_i_1/O
                         net (fo=1, routed)           0.327     1.115    out_OBUF[4]
    V16                  OBUF (Prop_obuf_I_O)         1.163     2.278 r  out_OBUF[4]_inst/O
                         net (fo=0)                   0.000     2.278    out[4]
    V16                                                               r  out[4] (OUT)
  -------------------------------------------------------------------    -------------------

Slack:                    inf
  Source:                 opcode[1]
                            (input port)
  Destination:            out[10]
                            (output port)
  Path Group:             (none)
  Path Type:              Min at Fast Process Corner
  Data Path Delay:        2.297ns  (logic 1.419ns (61.757%)  route 0.879ns (38.243%))
  Logic Levels:           3  (IBUF=1 LUT5=1 OBUF=1)

    Location             Delay type                Incr(ns)  Path(ns)    Netlist Resource(s)
  -------------------------------------------------------------------    -------------------
    V17                                               0.000     0.000 r  opcode[1] (IN)
                         net (fo=0)                   0.000     0.000    opcode[1]
    V17                  IBUF (Prop_ibuf_I_O)         0.225     0.225 r  opcode_IBUF[1]_inst/O
                         net (fo=32, routed)          0.551     0.776    opcode_IBUF[1]
    SLICE_X113Y69        LUT5 (Prop_lut5_I2_O)        0.045     0.821 r  out_OBUF[10]_inst_i_1/O
                         net (fo=1, routed)           0.327     1.148    out_OBUF[10]
    T20                  OBUF (Prop_obuf_I_O)         1.149     2.297 r  out_OBUF[10]_inst/O
                         net (fo=0)                   0.000     2.297    out[10]
    T20                                                               r  out[10] (OUT)
  -------------------------------------------------------------------    -------------------

Slack:                    inf
  Source:                 opcode[2]
                            (input port)
  Destination:            out[9]
                            (output port)
  Path Group:             (none)
  Path Type:              Min at Fast Process Corner
  Data Path Delay:        2.315ns  (logic 1.381ns (59.668%)  route 0.934ns (40.332%))
  Logic Levels:           3  (IBUF=1 LUT5=1 OBUF=1)

    Location             Delay type                Incr(ns)  Path(ns)    Netlist Resource(s)
  -------------------------------------------------------------------    -------------------
    R18                                               0.000     0.000 r  opcode[2] (IN)
                         net (fo=0)                   0.000     0.000    opcode[2]
    R18                  IBUF (Prop_ibuf_I_O)         0.186     0.186 r  opcode_IBUF[2]_inst/O
                         net (fo=32, routed)          0.653     0.840    opcode_IBUF[2]
    SLICE_X113Y69        LUT5 (Prop_lut5_I4_O)        0.045     0.885 r  out_OBUF[9]_inst_i_1/O
                         net (fo=1, routed)           0.280     1.165    out_OBUF[9]
    U20                  OBUF (Prop_obuf_I_O)         1.150     2.315 r  out_OBUF[9]_inst/O
                         net (fo=0)                   0.000     2.315    out[9]
    U20                                                               r  out[9] (OUT)
  -------------------------------------------------------------------    -------------------

Slack:                    inf
  Source:                 opcode[2]
                            (input port)
  Destination:            out[8]
                            (output port)
  Path Group:             (none)
  Path Type:              Min at Fast Process Corner
  Data Path Delay:        2.318ns  (logic 1.418ns (61.177%)  route 0.900ns (38.823%))
  Logic Levels:           3  (IBUF=1 LUT5=1 OBUF=1)

    Location             Delay type                Incr(ns)  Path(ns)    Netlist Resource(s)
  -------------------------------------------------------------------    -------------------
    R18                                               0.000     0.000 r  opcode[2] (IN)
                         net (fo=0)                   0.000     0.000    opcode[2]
    R18                  IBUF (Prop_ibuf_I_O)         0.186     0.186 r  opcode_IBUF[2]_inst/O
                         net (fo=32, routed)          0.573     0.759    opcode_IBUF[2]
    SLICE_X113Y67        LUT5 (Prop_lut5_I4_O)        0.045     0.804 r  out_OBUF[8]_inst_i_1/O
                         net (fo=1, routed)           0.327     1.131    out_OBUF[8]
    V20                  OBUF (Prop_obuf_I_O)         1.187     2.318 r  out_OBUF[8]_inst/O
                         net (fo=0)                   0.000     2.318    out[8]
    V20                                                               r  out[8] (OUT)
  -------------------------------------------------------------------    -------------------

Slack:                    inf
  Source:                 opcode[0]
                            (input port)
  Destination:            out[6]
                            (output port)
  Path Group:             (none)
  Path Type:              Min at Fast Process Corner
  Data Path Delay:        2.362ns  (logic 1.451ns (61.421%)  route 0.911ns (38.579%))
  Logic Levels:           3  (IBUF=1 LUT6=1 OBUF=1)

    Location             Delay type                Incr(ns)  Path(ns)    Netlist Resource(s)
  -------------------------------------------------------------------    -------------------
    V18                                               0.000     0.000 r  opcode[0] (IN)
                         net (fo=0)                   0.000     0.000    opcode[0]
    V18                  IBUF (Prop_ibuf_I_O)         0.217     0.217 r  opcode_IBUF[0]_inst/O
                         net (fo=32, routed)          0.516     0.733    opcode_IBUF[0]
    SLICE_X113Y63        LUT6 (Prop_lut6_I2_O)        0.045     0.778 r  out_OBUF[6]_inst_i_1/O
                         net (fo=1, routed)           0.395     1.173    out_OBUF[6]
    Y18                  OBUF (Prop_obuf_I_O)         1.189     2.362 r  out_OBUF[6]_inst/O
                         net (fo=0)                   0.000     2.362    out[6]
    Y18                                                               r  out[6] (OUT)
  -------------------------------------------------------------------    -------------------

Slack:                    inf
  Source:                 opcode[0]
                            (input port)
  Destination:            out[7]
                            (output port)
  Path Group:             (none)
  Path Type:              Min at Fast Process Corner
  Data Path Delay:        2.388ns  (logic 1.455ns (60.912%)  route 0.933ns (39.088%))
  Logic Levels:           3  (IBUF=1 LUT6=1 OBUF=1)

    Location             Delay type                Incr(ns)  Path(ns)    Netlist Resource(s)
  -------------------------------------------------------------------    -------------------
    V18                                               0.000     0.000 r  opcode[0] (IN)
                         net (fo=0)                   0.000     0.000    opcode[0]
    V18                  IBUF (Prop_ibuf_I_O)         0.217     0.217 r  opcode_IBUF[0]_inst/O
                         net (fo=32, routed)          0.519     0.736    opcode_IBUF[0]
    SLICE_X113Y63        LUT6 (Prop_lut6_I2_O)        0.045     0.781 r  out_OBUF[7]_inst_i_1/O
                         net (fo=1, routed)           0.414     1.195    out_OBUF[7]
    W20                  OBUF (Prop_obuf_I_O)         1.193     2.388 r  out_OBUF[7]_inst/O
                         net (fo=0)                   0.000     2.388    out[7]
    W20                                                               r  out[7] (OUT)
  -------------------------------------------------------------------    -------------------





