Copyright 1986-2022 Xilinx, Inc. All Rights Reserved. Copyright 2022-2025 Advanced Micro Devices, Inc. All Rights Reserved.
--------------------------------------------------------------------------------------------------------------------------------------------------------------
| Tool Version : Vivado v.2025.2 (win64) Build 6299465 Fri Nov 14 19:35:11 GMT 2025
| Date         : Fri May 15 11:17:48 2026
| Host         : DESKTOP-475P6AO running 64-bit major release  (build 9200)
| Command      : report_methodology -file RISC_CPU_methodology_drc_routed.rpt -pb RISC_CPU_methodology_drc_routed.pb -rpx RISC_CPU_methodology_drc_routed.rpx
| Design       : RISC_CPU
| Device       : xc7z020clg400-1
| Speed File   : -1
| Design State : Fully Routed
--------------------------------------------------------------------------------------------------------------------------------------------------------------

Report Methodology

Table of Contents
-----------------
1. REPORT SUMMARY
2. REPORT DETAILS

1. REPORT SUMMARY
-----------------
            Netlist: netlist
          Floorplan: design_1
      Design limits: <entire design considered>
             Max checks: <unlimited>
             Checks found: 67
+-----------+----------+--------------------------------------------+--------+
| Rule      | Severity | Description                                | Checks |
+-----------+----------+--------------------------------------------+--------+
| SYNTH-6   | Warning  | Timing of a RAM block might be sub-optimal | 1      |
| TIMING-18 | Warning  | Missing input or output delay              | 66     |
+-----------+----------+--------------------------------------------+--------+

2. REPORT DETAILS
-----------------
SYNTH-6#1 Warning
Timing of a RAM block might be sub-optimal  
The timing for the instance u_mem/ram_reg, implemented as a RAM block, might be sub-optimal as no output register was merged into the block.
Related violations: <none>

TIMING-18#1 Warning
Missing input or output delay  
An input delay is missing on rst relative to the rising and/or falling clock edge(s) of clk_pin.
Related violations: <none>

TIMING-18#2 Warning
Missing input or output delay  
An output delay is missing on acc_out[0] relative to the rising and/or falling clock edge(s) of clk_pin.
Related violations: <none>

TIMING-18#3 Warning
Missing input or output delay  
An output delay is missing on acc_out[10] relative to the rising and/or falling clock edge(s) of clk_pin.
Related violations: <none>

TIMING-18#4 Warning
Missing input or output delay  
An output delay is missing on acc_out[11] relative to the rising and/or falling clock edge(s) of clk_pin.
Related violations: <none>

TIMING-18#5 Warning
Missing input or output delay  
An output delay is missing on acc_out[12] relative to the rising and/or falling clock edge(s) of clk_pin.
Related violations: <none>

TIMING-18#6 Warning
Missing input or output delay  
An output delay is missing on acc_out[13] relative to the rising and/or falling clock edge(s) of clk_pin.
Related violations: <none>

TIMING-18#7 Warning
Missing input or output delay  
An output delay is missing on acc_out[14] relative to the rising and/or falling clock edge(s) of clk_pin.
Related violations: <none>

TIMING-18#8 Warning
Missing input or output delay  
An output delay is missing on acc_out[15] relative to the rising and/or falling clock edge(s) of clk_pin.
Related violations: <none>

TIMING-18#9 Warning
Missing input or output delay  
An output delay is missing on acc_out[16] relative to the rising and/or falling clock edge(s) of clk_pin.
Related violations: <none>

TIMING-18#10 Warning
Missing input or output delay  
An output delay is missing on acc_out[17] relative to the rising and/or falling clock edge(s) of clk_pin.
Related violations: <none>

TIMING-18#11 Warning
Missing input or output delay  
An output delay is missing on acc_out[18] relative to the rising and/or falling clock edge(s) of clk_pin.
Related violations: <none>

TIMING-18#12 Warning
Missing input or output delay  
An output delay is missing on acc_out[19] relative to the rising and/or falling clock edge(s) of clk_pin.
Related violations: <none>

TIMING-18#13 Warning
Missing input or output delay  
An output delay is missing on acc_out[1] relative to the rising and/or falling clock edge(s) of clk_pin.
Related violations: <none>

TIMING-18#14 Warning
Missing input or output delay  
An output delay is missing on acc_out[20] relative to the rising and/or falling clock edge(s) of clk_pin.
Related violations: <none>

TIMING-18#15 Warning
Missing input or output delay  
An output delay is missing on acc_out[21] relative to the rising and/or falling clock edge(s) of clk_pin.
Related violations: <none>

TIMING-18#16 Warning
Missing input or output delay  
An output delay is missing on acc_out[22] relative to the rising and/or falling clock edge(s) of clk_pin.
Related violations: <none>

TIMING-18#17 Warning
Missing input or output delay  
An output delay is missing on acc_out[23] relative to the rising and/or falling clock edge(s) of clk_pin.
Related violations: <none>

TIMING-18#18 Warning
Missing input or output delay  
An output delay is missing on acc_out[24] relative to the rising and/or falling clock edge(s) of clk_pin.
Related violations: <none>

TIMING-18#19 Warning
Missing input or output delay  
An output delay is missing on acc_out[25] relative to the rising and/or falling clock edge(s) of clk_pin.
Related violations: <none>

TIMING-18#20 Warning
Missing input or output delay  
An output delay is missing on acc_out[26] relative to the rising and/or falling clock edge(s) of clk_pin.
Related violations: <none>

TIMING-18#21 Warning
Missing input or output delay  
An output delay is missing on acc_out[27] relative to the rising and/or falling clock edge(s) of clk_pin.
Related violations: <none>

TIMING-18#22 Warning
Missing input or output delay  
An output delay is missing on acc_out[28] relative to the rising and/or falling clock edge(s) of clk_pin.
Related violations: <none>

TIMING-18#23 Warning
Missing input or output delay  
An output delay is missing on acc_out[29] relative to the rising and/or falling clock edge(s) of clk_pin.
Related violations: <none>

TIMING-18#24 Warning
Missing input or output delay  
An output delay is missing on acc_out[2] relative to the rising and/or falling clock edge(s) of clk_pin.
Related violations: <none>

TIMING-18#25 Warning
Missing input or output delay  
An output delay is missing on acc_out[30] relative to the rising and/or falling clock edge(s) of clk_pin.
Related violations: <none>

TIMING-18#26 Warning
Missing input or output delay  
An output delay is missing on acc_out[31] relative to the rising and/or falling clock edge(s) of clk_pin.
Related violations: <none>

TIMING-18#27 Warning
Missing input or output delay  
An output delay is missing on acc_out[3] relative to the rising and/or falling clock edge(s) of clk_pin.
Related violations: <none>

TIMING-18#28 Warning
Missing input or output delay  
An output delay is missing on acc_out[4] relative to the rising and/or falling clock edge(s) of clk_pin.
Related violations: <none>

TIMING-18#29 Warning
Missing input or output delay  
An output delay is missing on acc_out[5] relative to the rising and/or falling clock edge(s) of clk_pin.
Related violations: <none>

TIMING-18#30 Warning
Missing input or output delay  
An output delay is missing on acc_out[6] relative to the rising and/or falling clock edge(s) of clk_pin.
Related violations: <none>

TIMING-18#31 Warning
Missing input or output delay  
An output delay is missing on acc_out[7] relative to the rising and/or falling clock edge(s) of clk_pin.
Related violations: <none>

TIMING-18#32 Warning
Missing input or output delay  
An output delay is missing on acc_out[8] relative to the rising and/or falling clock edge(s) of clk_pin.
Related violations: <none>

TIMING-18#33 Warning
Missing input or output delay  
An output delay is missing on acc_out[9] relative to the rising and/or falling clock edge(s) of clk_pin.
Related violations: <none>

TIMING-18#34 Warning
Missing input or output delay  
An output delay is missing on halt relative to the rising and/or falling clock edge(s) of clk_pin.
Related violations: <none>

TIMING-18#35 Warning
Missing input or output delay  
An output delay is missing on pc_out[0] relative to the rising and/or falling clock edge(s) of clk_pin.
Related violations: <none>

TIMING-18#36 Warning
Missing input or output delay  
An output delay is missing on pc_out[10] relative to the rising and/or falling clock edge(s) of clk_pin.
Related violations: <none>

TIMING-18#37 Warning
Missing input or output delay  
An output delay is missing on pc_out[11] relative to the rising and/or falling clock edge(s) of clk_pin.
Related violations: <none>

TIMING-18#38 Warning
Missing input or output delay  
An output delay is missing on pc_out[12] relative to the rising and/or falling clock edge(s) of clk_pin.
Related violations: <none>

TIMING-18#39 Warning
Missing input or output delay  
An output delay is missing on pc_out[13] relative to the rising and/or falling clock edge(s) of clk_pin.
Related violations: <none>

TIMING-18#40 Warning
Missing input or output delay  
An output delay is missing on pc_out[14] relative to the rising and/or falling clock edge(s) of clk_pin.
Related violations: <none>

TIMING-18#41 Warning
Missing input or output delay  
An output delay is missing on pc_out[15] relative to the rising and/or falling clock edge(s) of clk_pin.
Related violations: <none>

TIMING-18#42 Warning
Missing input or output delay  
An output delay is missing on pc_out[16] relative to the rising and/or falling clock edge(s) of clk_pin.
Related violations: <none>

TIMING-18#43 Warning
Missing input or output delay  
An output delay is missing on pc_out[17] relative to the rising and/or falling clock edge(s) of clk_pin.
Related violations: <none>

TIMING-18#44 Warning
Missing input or output delay  
An output delay is missing on pc_out[18] relative to the rising and/or falling clock edge(s) of clk_pin.
Related violations: <none>

TIMING-18#45 Warning
Missing input or output delay  
An output delay is missing on pc_out[19] relative to the rising and/or falling clock edge(s) of clk_pin.
Related violations: <none>

TIMING-18#46 Warning
Missing input or output delay  
An output delay is missing on pc_out[1] relative to the rising and/or falling clock edge(s) of clk_pin.
Related violations: <none>

TIMING-18#47 Warning
Missing input or output delay  
An output delay is missing on pc_out[20] relative to the rising and/or falling clock edge(s) of clk_pin.
Related violations: <none>

TIMING-18#48 Warning
Missing input or output delay  
An output delay is missing on pc_out[21] relative to the rising and/or falling clock edge(s) of clk_pin.
Related violations: <none>

TIMING-18#49 Warning
Missing input or output delay  
An output delay is missing on pc_out[22] relative to the rising and/or falling clock edge(s) of clk_pin.
Related violations: <none>

TIMING-18#50 Warning
Missing input or output delay  
An output delay is missing on pc_out[23] relative to the rising and/or falling clock edge(s) of clk_pin.
Related violations: <none>

TIMING-18#51 Warning
Missing input or output delay  
An output delay is missing on pc_out[24] relative to the rising and/or falling clock edge(s) of clk_pin.
Related violations: <none>

TIMING-18#52 Warning
Missing input or output delay  
An output delay is missing on pc_out[25] relative to the rising and/or falling clock edge(s) of clk_pin.
Related violations: <none>

TIMING-18#53 Warning
Missing input or output delay  
An output delay is missing on pc_out[26] relative to the rising and/or falling clock edge(s) of clk_pin.
Related violations: <none>

TIMING-18#54 Warning
Missing input or output delay  
An output delay is missing on pc_out[27] relative to the rising and/or falling clock edge(s) of clk_pin.
Related violations: <none>

TIMING-18#55 Warning
Missing input or output delay  
An output delay is missing on pc_out[28] relative to the rising and/or falling clock edge(s) of clk_pin.
Related violations: <none>

TIMING-18#56 Warning
Missing input or output delay  
An output delay is missing on pc_out[29] relative to the rising and/or falling clock edge(s) of clk_pin.
Related violations: <none>

TIMING-18#57 Warning
Missing input or output delay  
An output delay is missing on pc_out[2] relative to the rising and/or falling clock edge(s) of clk_pin.
Related violations: <none>

TIMING-18#58 Warning
Missing input or output delay  
An output delay is missing on pc_out[30] relative to the rising and/or falling clock edge(s) of clk_pin.
Related violations: <none>

TIMING-18#59 Warning
Missing input or output delay  
An output delay is missing on pc_out[31] relative to the rising and/or falling clock edge(s) of clk_pin.
Related violations: <none>

TIMING-18#60 Warning
Missing input or output delay  
An output delay is missing on pc_out[3] relative to the rising and/or falling clock edge(s) of clk_pin.
Related violations: <none>

TIMING-18#61 Warning
Missing input or output delay  
An output delay is missing on pc_out[4] relative to the rising and/or falling clock edge(s) of clk_pin.
Related violations: <none>

TIMING-18#62 Warning
Missing input or output delay  
An output delay is missing on pc_out[5] relative to the rising and/or falling clock edge(s) of clk_pin.
Related violations: <none>

TIMING-18#63 Warning
Missing input or output delay  
An output delay is missing on pc_out[6] relative to the rising and/or falling clock edge(s) of clk_pin.
Related violations: <none>

TIMING-18#64 Warning
Missing input or output delay  
An output delay is missing on pc_out[7] relative to the rising and/or falling clock edge(s) of clk_pin.
Related violations: <none>

TIMING-18#65 Warning
Missing input or output delay  
An output delay is missing on pc_out[8] relative to the rising and/or falling clock edge(s) of clk_pin.
Related violations: <none>

TIMING-18#66 Warning
Missing input or output delay  
An output delay is missing on pc_out[9] relative to the rising and/or falling clock edge(s) of clk_pin.
Related violations: <none>


